<?xml version="1.0" encoding="UTF-8"?>
<!-- Generated by org.testng.reporters.JUnitReportReporter -->
<testsuite hostname="Rajesh" name="login_page.loginpage_test" tests="1" failures="0" timestamp="17 Dec 2023 09:56:46 GMT" time="12.949" errors="0">
  <testcase name="verifyHomePageTitleTest" time="12.949" classname="login_page.loginpage_test"/>
</testsuite> <!-- login_page.loginpage_test -->
