<?xml version="1.0" encoding="UTF-8"?>
<!-- Generated by org.testng.reporters.JUnitReportReporter -->
<testsuite skipped="0" hostname="Rajesh" name="login_page.Update_Naukri" tests="1" failures="0" timestamp="2023-12-19T23:13:05 IST" time="14.712" errors="0">
  <testcase name="loginpage" time="14.712" classname="login_page.Update_Naukri"/>
  <system-out/>
</testsuite> <!-- login_page.Update_Naukri -->
