<?xml version="1.0" encoding="UTF-8"?>
<!-- Generated by org.testng.reporters.JUnitReportReporter -->
<testsuite skipped="0" hostname="Rajesh" name="login_page.loginpage_test" tests="1" failures="0" timestamp="2023-12-19T22:12:20 IST" time="17.110" errors="0">
  <testcase name="verifyHomePageTitleTest" time="17.110" classname="login_page.loginpage_test"/>
  <system-out/>
</testsuite> <!-- login_page.loginpage_test -->
