<?xml version="1.0" encoding="UTF-8"?>
<!-- Generated by org.testng.reporters.JUnitReportReporter -->
<testsuite skipped="0" hostname="Rajesh" name="login_page.Orenge_HRM" tests="1" failures="0" timestamp="2023-12-19T23:13:05 IST" time="20.592" errors="0">
  <testcase name="verifyHomePageTitleTest" time="20.592" classname="login_page.Orenge_HRM"/>
  <system-out/>
</testsuite> <!-- login_page.Orenge_HRM -->
